<?xml version="1.0" encoding="UTF-8"?>
<testng-results skipped="0" failed="1" ignored="0" total="4" passed="3">
  <reporter-output>
  </reporter-output>
  <suite name="Default suite" duration-ms="34502" started-at="2019-09-22T18:28:54Z" finished-at="2019-09-22T18:29:29Z">
    <groups>
    </groups>
    <test name="Default test" duration-ms="34502" started-at="2019-09-22T18:28:54Z" finished-at="2019-09-22T18:29:29Z">
      <class name="com.webappsecurity.tests.PayBillsPageTest">
        <test-method status="PASS" signature="setUp()[pri:0, instance:com.webappsecurity.tests.PayBillsPageTest@50b494a6]" name="setUp" is-config="true" duration-ms="4738" started-at="2019-09-22T18:28:55Z" finished-at="2019-09-22T18:28:59Z">
          <reporter-output>
          </reporter-output>
        </test-method> <!-- setUp -->
        <test-method status="FAIL" signature="validatePayBillsPayeetextTest()[pri:0, instance:com.webappsecurity.tests.PayBillsPageTest@50b494a6]" name="validatePayBillsPayeetextTest" duration-ms="3677" started-at="2019-09-22T18:28:59Z" finished-at="2019-09-22T18:29:03Z">
          <exception class="java.lang.AssertionError">
            <message>
              <![CDATA[expected [] but found [For 12119415161214 Sprint account]]]>
            </message>
            <full-stacktrace>
              <![CDATA[java.lang.AssertionError: expected [] but found [For 12119415161214 Sprint account]
at org.testng.Assert.fail(Assert.java:96)
at org.testng.Assert.failNotEquals(Assert.java:776)
at org.testng.Assert.assertEqualsImpl(Assert.java:137)
at org.testng.Assert.assertEquals(Assert.java:118)
at org.testng.Assert.assertEquals(Assert.java:453)
at org.testng.Assert.assertEquals(Assert.java:463)
at com.webappsecurity.tests.PayBillsPageTest.validatePayBillsPayeetextTest(PayBillsPageTest.java:24)
at sun.reflect.NativeMethodAccessorImpl.invoke0(Native Method)
at sun.reflect.NativeMethodAccessorImpl.invoke(Unknown Source)
at sun.reflect.DelegatingMethodAccessorImpl.invoke(Unknown Source)
at java.lang.reflect.Method.invoke(Unknown Source)
at org.testng.internal.MethodInvocationHelper.invokeMethod(MethodInvocationHelper.java:124)
at org.testng.internal.Invoker.invokeMethod(Invoker.java:583)
at org.testng.internal.Invoker.invokeTestMethod(Invoker.java:719)
at org.testng.internal.Invoker.invokeTestMethods(Invoker.java:989)
at org.testng.internal.TestMethodWorker.invokeTestMethods(TestMethodWorker.java:125)
at org.testng.internal.TestMethodWorker.run(TestMethodWorker.java:109)
at org.testng.TestRunner.privateRun(TestRunner.java:648)
at org.testng.TestRunner.run(TestRunner.java:505)
at org.testng.SuiteRunner.runTest(SuiteRunner.java:455)
at org.testng.SuiteRunner.runSequentially(SuiteRunner.java:450)
at org.testng.SuiteRunner.privateRun(SuiteRunner.java:415)
at org.testng.SuiteRunner.run(SuiteRunner.java:364)
at org.testng.SuiteRunnerWorker.runSuite(SuiteRunnerWorker.java:52)
at org.testng.SuiteRunnerWorker.run(SuiteRunnerWorker.java:84)
at org.testng.TestNG.runSuitesSequentially(TestNG.java:1208)
at org.testng.TestNG.runSuitesLocally(TestNG.java:1137)
at org.testng.TestNG.runSuites(TestNG.java:1049)
at org.testng.TestNG.run(TestNG.java:1017)
at org.testng.remote.AbstractRemoteTestNG.run(AbstractRemoteTestNG.java:115)
at org.testng.remote.RemoteTestNG.initAndRun(RemoteTestNG.java:251)
at org.testng.remote.RemoteTestNG.main(RemoteTestNG.java:77)
]]>
            </full-stacktrace>
          </exception> <!-- java.lang.AssertionError -->
          <reporter-output>
          </reporter-output>
        </test-method> <!-- validatePayBillsPayeetextTest -->
        <test-method status="PASS" signature="tearDown()[pri:0, instance:com.webappsecurity.tests.PayBillsPageTest@50b494a6]" name="tearDown" is-config="true" duration-ms="757" started-at="2019-09-22T18:29:03Z" finished-at="2019-09-22T18:29:04Z">
          <reporter-output>
          </reporter-output>
        </test-method> <!-- tearDown -->
        <test-method status="PASS" signature="setUp()[pri:0, instance:com.webappsecurity.tests.PayBillsPageTest@50b494a6]" name="setUp" is-config="true" duration-ms="4058" started-at="2019-09-22T18:29:04Z" finished-at="2019-09-22T18:29:08Z">
          <reporter-output>
          </reporter-output>
        </test-method> <!-- setUp -->
        <test-method status="PASS" signature="verifyEnterAmountFields()[pri:0, instance:com.webappsecurity.tests.PayBillsPageTest@50b494a6]" name="verifyEnterAmountFields" duration-ms="3992" started-at="2019-09-22T18:29:08Z" finished-at="2019-09-22T18:29:12Z">
          <reporter-output>
          </reporter-output>
        </test-method> <!-- verifyEnterAmountFields -->
        <test-method status="PASS" signature="tearDown()[pri:0, instance:com.webappsecurity.tests.PayBillsPageTest@50b494a6]" name="tearDown" is-config="true" duration-ms="674" started-at="2019-09-22T18:29:12Z" finished-at="2019-09-22T18:29:13Z">
          <reporter-output>
          </reporter-output>
        </test-method> <!-- tearDown -->
        <test-method status="PASS" signature="setUp()[pri:0, instance:com.webappsecurity.tests.PayBillsPageTest@50b494a6]" name="setUp" is-config="true" duration-ms="4027" started-at="2019-09-22T18:29:13Z" finished-at="2019-09-22T18:29:17Z">
          <reporter-output>
          </reporter-output>
        </test-method> <!-- setUp -->
        <test-method status="PASS" signature="verifyEnterDate()[pri:0, instance:com.webappsecurity.tests.PayBillsPageTest@50b494a6]" name="verifyEnterDate" duration-ms="3290" started-at="2019-09-22T18:29:17Z" finished-at="2019-09-22T18:29:20Z">
          <reporter-output>
          </reporter-output>
        </test-method> <!-- verifyEnterDate -->
        <test-method status="PASS" signature="tearDown()[pri:0, instance:com.webappsecurity.tests.PayBillsPageTest@50b494a6]" name="tearDown" is-config="true" duration-ms="664" started-at="2019-09-22T18:29:20Z" finished-at="2019-09-22T18:29:21Z">
          <reporter-output>
          </reporter-output>
        </test-method> <!-- tearDown -->
        <test-method status="PASS" signature="setUp()[pri:0, instance:com.webappsecurity.tests.PayBillsPageTest@50b494a6]" name="setUp" is-config="true" duration-ms="4340" started-at="2019-09-22T18:29:21Z" finished-at="2019-09-22T18:29:25Z">
          <reporter-output>
          </reporter-output>
        </test-method> <!-- setUp -->
        <test-method status="PASS" signature="verifyEnterDescriptionFields()[pri:0, instance:com.webappsecurity.tests.PayBillsPageTest@50b494a6]" name="verifyEnterDescriptionFields" duration-ms="3440" started-at="2019-09-22T18:29:25Z" finished-at="2019-09-22T18:29:28Z">
          <reporter-output>
          </reporter-output>
        </test-method> <!-- verifyEnterDescriptionFields -->
        <test-method status="PASS" signature="tearDown()[pri:0, instance:com.webappsecurity.tests.PayBillsPageTest@50b494a6]" name="tearDown" is-config="true" duration-ms="641" started-at="2019-09-22T18:29:28Z" finished-at="2019-09-22T18:29:29Z">
          <reporter-output>
          </reporter-output>
        </test-method> <!-- tearDown -->
      </class> <!-- com.webappsecurity.tests.PayBillsPageTest -->
    </test> <!-- Default test -->
  </suite> <!-- Default suite -->
</testng-results>
